info it worked if it ends with ok
verbose cli [ 'node', '/usr/bin/npm', 'install', '-g', 'coffee-script' ]
info using npm@1.1.4
info using node@v0.6.19
verbose config file /home/jesse/.npmrc
verbose config file /usr/etc/npmrc
verbose config file /usr/share/npm/npmrc
verbose cache add [ 'coffee-script', null ]
silly cache add: name, spec, args [ undefined, 'coffee-script', [ 'coffee-script', null ] ]
verbose parsed url { pathname: 'coffee-script',
verbose parsed url   path: 'coffee-script',
verbose parsed url   href: 'coffee-script' }
verbose addNamed [ 'coffee-script', '' ]
verbose addNamed [ null, '' ]
silly name, range, hasData [ 'coffee-script', '', false ]
verbose raw, before any munging coffee-script
verbose url resolving [ 'https://registry.npmjs.org/', './coffee-script' ]
verbose url resolved https://registry.npmjs.org/coffee-script
http GET https://registry.npmjs.org/coffee-script
http 200 https://registry.npmjs.org/coffee-script
silly get cb [ 200,
silly get cb   { vary: 'Accept',
silly get cb     server: 'CouchDB/1.2.0 (Erlang OTP/R15B)',
silly get cb     etag: '"1Q935KXG7JOV4YT5IM7JNF78K"',
silly get cb     date: 'Thu, 16 Aug 2012 14:54:30 GMT',
silly get cb     'content-type': 'application/json',
silly get cb     'content-length': '18100' } ]
verbose mkdir (expected) error ENOENT, stat '/home/jesse/.npm'
verbose mkdir (expected) error ENOENT, stat '/home/jesse/.npm/coffee-script'
verbose mkdir done: /home/jesse/.npm/coffee-script 755
silly name, range, hasData 2 [ 'coffee-script', '', true ]
silly versions [ 'coffee-script',
silly versions   [ '0.7.0',
silly versions     '0.7.1',
silly versions     '0.7.2',
silly versions     '0.9.0',
silly versions     '0.9.1',
silly versions     '0.9.2',
silly versions     '0.9.3',
silly versions     '0.9.4',
silly versions     '0.9.5',
silly versions     '0.9.6',
silly versions     '1.0.0',
silly versions     '1.0.1',
silly versions     '1.1.0',
silly versions     '1.1.1',
silly versions     '1.1.2',
silly versions     '1.1.3',
silly versions     '1.2.0',
silly versions     '1.3.0',
silly versions     '1.3.1',
silly versions     '1.3.2',
silly versions     '1.3.3' ] ]
verbose bin dist [ '0.6-ares1.9.1-evundefined-openssl1.0.1c-v83.8.9.20-linux-x64-3.5.0-8-generic',
verbose bin dist   { shasum: '150d6b4cb522894369efed6a2101c20bc7f4a4f4',
verbose bin dist     tarball: 'http://registry.npmjs.org/coffee-script/-/coffee-script-1.3.3.tgz' } ]
verbose addRemoteTarball [ 'https://registry.npmjs.org/coffee-script/-/coffee-script-1.3.3.tgz',
verbose addRemoteTarball   '150d6b4cb522894369efed6a2101c20bc7f4a4f4' ]
verbose mkdir (expected) error ENOENT, stat '/tmp/npm-1345128872674'
verbose mkdir (expected) error ENOENT, stat '/tmp/npm-1345128872674/1345128872674-0.43614491797052324'
verbose mkdir done: /tmp/npm-1345128872674/1345128872674-0.43614491797052324 755
verbose fetch to /tmp/npm-1345128872674/1345128872674-0.43614491797052324/tmp.tgz
http GET https://registry.npmjs.org/coffee-script/-/coffee-script-1.3.3.tgz
http 200 https://registry.npmjs.org/coffee-script/-/coffee-script-1.3.3.tgz
silly updated sha bytes 40960
silly updated sha bytes 26866
info shasum 150d6b4cb522894369efed6a2101c20bc7f4a4f4
info shasum /tmp/npm-1345128872674/1345128872674-0.43614491797052324/tmp.tgz
verbose mkdir (expected) error ENOENT, stat '/tmp/npm-1345128872674/1345128872674-0.43614491797052324/___package.npm'
verbose mkdir done: /tmp/npm-1345128872674/1345128872674-0.43614491797052324/___package.npm 755
verbose unpack_ uid, gid [ undefined, undefined ]
verbose unpackTarget /tmp/npm-1345128872674/1345128872674-0.43614491797052324/package
silly gunzTarPerm modes [ '755', '644' ]
silly afterUntar ok
silly asyncMap in gTP /tmp/npm-1345128872674/1345128872674-0.43614491797052324/___package.npm/package
silly asyncMap in gTP /tmp/npm-1345128872674/1345128872674-0.43614491797052324/___package.npm/package/LICENSE
silly asyncMap in gTP /tmp/npm-1345128872674/1345128872674-0.43614491797052324/___package.npm/package/Rakefile
silly asyncMap in gTP /tmp/npm-1345128872674/1345128872674-0.43614491797052324/___package.npm/package/README
silly asyncMap in gTP /tmp/npm-1345128872674/1345128872674-0.43614491797052324/___package.npm/package/package.json
silly asyncMap in gTP /tmp/npm-1345128872674/1345128872674-0.43614491797052324/___package.npm/package/CNAME
silly asyncMap in gTP /tmp/npm-1345128872674/1345128872674-0.43614491797052324/___package.npm/package/.npmignore
silly asyncMap in gTP /tmp/npm-1345128872674/1345128872674-0.43614491797052324/___package.npm/package/bin
silly asyncMap in gTP /tmp/npm-1345128872674/1345128872674-0.43614491797052324/___package.npm/package/bin/cake
silly asyncMap in gTP /tmp/npm-1345128872674/1345128872674-0.43614491797052324/___package.npm/package/bin/coffee
silly asyncMap in gTP /tmp/npm-1345128872674/1345128872674-0.43614491797052324/___package.npm/package/extras
silly asyncMap in gTP /tmp/npm-1345128872674/1345128872674-0.43614491797052324/___package.npm/package/extras/jsl.conf
silly asyncMap in gTP /tmp/npm-1345128872674/1345128872674-0.43614491797052324/___package.npm/package/lib
silly asyncMap in gTP /tmp/npm-1345128872674/1345128872674-0.43614491797052324/___package.npm/package/lib/coffee-script
silly asyncMap in gTP /tmp/npm-1345128872674/1345128872674-0.43614491797052324/___package.npm/package/lib/coffee-script/grammar.js
silly asyncMap in gTP /tmp/npm-1345128872674/1345128872674-0.43614491797052324/___package.npm/package/lib/coffee-script/cake.js
silly asyncMap in gTP /tmp/npm-1345128872674/1345128872674-0.43614491797052324/___package.npm/package/lib/coffee-script/lexer.js
silly asyncMap in gTP /tmp/npm-1345128872674/1345128872674-0.43614491797052324/___package.npm/package/lib/coffee-script/rewriter.js
silly asyncMap in gTP /tmp/npm-1345128872674/1345128872674-0.43614491797052324/___package.npm/package/lib/coffee-script/index.js
silly asyncMap in gTP /tmp/npm-1345128872674/1345128872674-0.43614491797052324/___package.npm/package/lib/coffee-script/coffee-script.js
silly asyncMap in gTP /tmp/npm-1345128872674/1345128872674-0.43614491797052324/___package.npm/package/lib/coffee-script/parser.js
silly asyncMap in gTP /tmp/npm-1345128872674/1345128872674-0.43614491797052324/___package.npm/package/lib/coffee-script/optparse.js
silly asyncMap in gTP /tmp/npm-1345128872674/1345128872674-0.43614491797052324/___package.npm/package/lib/coffee-script/helpers.js
silly asyncMap in gTP /tmp/npm-1345128872674/1345128872674-0.43614491797052324/___package.npm/package/lib/coffee-script/browser.js
silly asyncMap in gTP /tmp/npm-1345128872674/1345128872674-0.43614491797052324/___package.npm/package/lib/coffee-script/scope.js
silly asyncMap in gTP /tmp/npm-1345128872674/1345128872674-0.43614491797052324/___package.npm/package/lib/coffee-script/command.js
silly asyncMap in gTP /tmp/npm-1345128872674/1345128872674-0.43614491797052324/___package.npm/package/lib/coffee-script/nodes.js
silly asyncMap in gTP /tmp/npm-1345128872674/1345128872674-0.43614491797052324/___package.npm/package/lib/coffee-script/repl.js
silly chmod package 755
silly chmod bin 755
silly chmod extras 755
silly chmod lib 755
silly chmod coffee-script 755
verbose gunzed /tmp/npm-1345128872674/1345128872674-0.43614491797052324/___package.npm/package
verbose rm'ed /tmp/npm-1345128872674/1345128872674-0.43614491797052324/package
verbose renamed [ '/tmp/npm-1345128872674/1345128872674-0.43614491797052324/___package.npm/package',
verbose renamed   '/tmp/npm-1345128872674/1345128872674-0.43614491797052324/package' ]
verbose caching /tmp/npm-1345128872674/1345128872674-0.43614491797052324/package/package.json
verbose loadDefaults coffee-script@1.3.3
verbose tarball contents [ 'tmp.tgz', 'package' ]
verbose from cache /tmp/npm-1345128872674/1345128872674-0.43614491797052324/package/package.json
verbose pack /tmp/npm-1345128872674/1345128872674-0.43614491797052324/package
verbose pack /tmp/npm-1345128872674/1345128872674-0.43614491797052324/package /home/jesse/.npm/coffee-script/1.3.3/package.tgz
silly makeList /tmp/npm-1345128872674/1345128872674-0.43614491797052324/package
silly dir, dirLen [ '/tmp/npm-1345128872674/1345128872674-0.43614491797052324/package',
silly dir, dirLen   65 ]
verbose tarball /home/jesse/.npm/coffee-script/1.3.3/package.tgz
verbose parent /tmp/npm-1345128872674/1345128872674-0.43614491797052324/package
verbose mkdir (expected) error ENOENT, stat '/home/jesse/.npm/coffee-script/1.3.3/___package.npm'
verbose mkdir done: /home/jesse/.npm/coffee-script/1.3.3/___package.npm 755
verbose unpack_ uid, gid [ undefined, undefined ]
verbose unpackTarget /home/jesse/.npm/coffee-script/1.3.3/package
silly gunzTarPerm modes [ '755', '644' ]
silly afterUntar ok
silly asyncMap in gTP /home/jesse/.npm/coffee-script/1.3.3/___package.npm/package
silly asyncMap in gTP /home/jesse/.npm/coffee-script/1.3.3/___package.npm/package/LICENSE
silly asyncMap in gTP /home/jesse/.npm/coffee-script/1.3.3/___package.npm/package/Rakefile
silly asyncMap in gTP /home/jesse/.npm/coffee-script/1.3.3/___package.npm/package/README
silly asyncMap in gTP /home/jesse/.npm/coffee-script/1.3.3/___package.npm/package/package.json
silly asyncMap in gTP /home/jesse/.npm/coffee-script/1.3.3/___package.npm/package/CNAME
silly asyncMap in gTP /home/jesse/.npm/coffee-script/1.3.3/___package.npm/package/.npmignore
silly asyncMap in gTP /home/jesse/.npm/coffee-script/1.3.3/___package.npm/package/bin
silly asyncMap in gTP /home/jesse/.npm/coffee-script/1.3.3/___package.npm/package/bin/cake
silly asyncMap in gTP /home/jesse/.npm/coffee-script/1.3.3/___package.npm/package/bin/coffee
silly asyncMap in gTP /home/jesse/.npm/coffee-script/1.3.3/___package.npm/package/extras
silly asyncMap in gTP /home/jesse/.npm/coffee-script/1.3.3/___package.npm/package/extras/jsl.conf
silly asyncMap in gTP /home/jesse/.npm/coffee-script/1.3.3/___package.npm/package/lib
silly asyncMap in gTP /home/jesse/.npm/coffee-script/1.3.3/___package.npm/package/lib/coffee-script
silly asyncMap in gTP /home/jesse/.npm/coffee-script/1.3.3/___package.npm/package/lib/coffee-script/grammar.js
silly asyncMap in gTP /home/jesse/.npm/coffee-script/1.3.3/___package.npm/package/lib/coffee-script/cake.js
silly asyncMap in gTP /home/jesse/.npm/coffee-script/1.3.3/___package.npm/package/lib/coffee-script/lexer.js
silly asyncMap in gTP /home/jesse/.npm/coffee-script/1.3.3/___package.npm/package/lib/coffee-script/rewriter.js
silly asyncMap in gTP /home/jesse/.npm/coffee-script/1.3.3/___package.npm/package/lib/coffee-script/index.js
silly asyncMap in gTP /home/jesse/.npm/coffee-script/1.3.3/___package.npm/package/lib/coffee-script/coffee-script.js
silly asyncMap in gTP /home/jesse/.npm/coffee-script/1.3.3/___package.npm/package/lib/coffee-script/parser.js
silly asyncMap in gTP /home/jesse/.npm/coffee-script/1.3.3/___package.npm/package/lib/coffee-script/optparse.js
silly asyncMap in gTP /home/jesse/.npm/coffee-script/1.3.3/___package.npm/package/lib/coffee-script/helpers.js
silly asyncMap in gTP /home/jesse/.npm/coffee-script/1.3.3/___package.npm/package/lib/coffee-script/browser.js
silly asyncMap in gTP /home/jesse/.npm/coffee-script/1.3.3/___package.npm/package/lib/coffee-script/scope.js
silly asyncMap in gTP /home/jesse/.npm/coffee-script/1.3.3/___package.npm/package/lib/coffee-script/command.js
silly asyncMap in gTP /home/jesse/.npm/coffee-script/1.3.3/___package.npm/package/lib/coffee-script/repl.js
silly asyncMap in gTP /home/jesse/.npm/coffee-script/1.3.3/___package.npm/package/lib/coffee-script/nodes.js
silly chmod package 755
verbose gunzed /home/jesse/.npm/coffee-script/1.3.3/___package.npm/package
verbose rm'ed /home/jesse/.npm/coffee-script/1.3.3/package
verbose renamed [ '/home/jesse/.npm/coffee-script/1.3.3/___package.npm/package',
verbose renamed   '/home/jesse/.npm/coffee-script/1.3.3/package' ]
verbose caching /home/jesse/.npm/coffee-script/1.3.3/package/package.json
verbose loadDefaults coffee-script@1.3.3
silly updated sha bytes 40960
silly updated sha bytes 27274
info shasum af997cc3e62093f2267e776488ffaf11fa93e068
info shasum /home/jesse/.npm/coffee-script/1.3.3/package.tgz
verbose from cache /home/jesse/.npm/coffee-script/1.3.3/package/package.json
verbose chmod /home/jesse/.npm/coffee-script/1.3.3/package.tgz 644
verbose chown [ '/home/jesse/.npm/coffee-script/1.3.3/package.tgz',
verbose chown   1000,
verbose chown   1000 ]
silly resolved [ { name: 'coffee-script',
silly resolved     description: 'Unfancy JavaScript',
silly resolved     keywords: [ 'javascript', 'language', 'coffeescript', 'compiler' ],
silly resolved     author: { name: 'Jeremy Ashkenas' },
silly resolved     version: '1.3.3',
silly resolved     licenses: 
silly resolved      [ { type: 'MIT',
silly resolved          url: 'https://raw.github.com/jashkenas/coffee-script/master/LICENSE' } ],
silly resolved     engines: { node: '>=0.4.0' },
silly resolved     directories: { lib: './lib/coffee-script' },
silly resolved     main: './lib/coffee-script/coffee-script',
silly resolved     bin: { coffee: './bin/coffee', cake: './bin/cake' },
silly resolved     homepage: 'http://coffeescript.org',
silly resolved     bugs: { name: 'https://github.com/jashkenas/coffee-script/issues' },
silly resolved     repository: 
silly resolved      { type: 'git',
silly resolved        url: 'git://github.com/jashkenas/coffee-script.git' },
silly resolved     devDependencies: { 'uglify-js': '>=1.0.0', jison: '>=0.2.0' },
silly resolved     _id: 'coffee-script@1.3.3',
silly resolved     dependencies: {},
silly resolved     optionalDependencies: {},
silly resolved     _engineSupported: true,
silly resolved     _npmVersion: '1.1.4',
silly resolved     _nodeVersion: 'v0.6.19',
silly resolved     _defaultsLoaded: true,
silly resolved     dist: { shasum: 'af997cc3e62093f2267e776488ffaf11fa93e068' },
silly resolved     _from: 'coffee-script' } ]
info into /usr/local/lib coffee-script@1.3.3
info installOne coffee-script@1.3.3
verbose from cache /home/jesse/.npm/coffee-script/1.3.3/package/package.json
info unbuild /usr/local/lib/node_modules/coffee-script
verbose mkdir (expected) error ENOENT, stat '/usr/local/lib/node_modules'
verbose unpack_ uid, gid [ undefined, undefined ]
verbose unpackTarget /usr/local/lib/node_modules/coffee-script
ERR! Could not create /usr/local/lib/node_modules/___coffee-script.npm
ERR! error installing coffee-script@1.3.3
info unbuild /usr/local/lib/node_modules/coffee-script
verbose installOne cb coffee-script@1.3.3
ERR! Error: EACCES, mkdir '/usr/local/lib/node_modules'
ERR! 
ERR! Please try running this command again as root/Administrator.
ERR! 
ERR! System Linux 3.5.0-8-generic
ERR! command "node" "/usr/bin/npm" "install" "-g" "coffee-script"
ERR! cwd /home/jesse/Dropbox/Merriweather
ERR! node -v v0.6.19
ERR! npm -v 1.1.4
ERR! path /usr/local/lib/node_modules
ERR! code EACCES
ERR! message EACCES, mkdir '/usr/local/lib/node_modules'
ERR! errno {}
verbose exit [ 1, true ]
